<?xml version="1.0" encoding="UTF-8"?>
<!-- Generated by org.testng.reporters.JUnitReportReporter -->
<testsuite hostname="DEV10" name="ph.smoke.CalculatorTest" tests="2" failures="0" timestamp="29 Apr 2019 23:47:04 GMT" time="0.001" errors="0">
  <testcase name="testSum" time="0.000" classname="ph.smoke.CalculatorTest"/>
  <testcase name="testDivison" time="0.001" classname="ph.smoke.CalculatorTest"/>
</testsuite> <!-- ph.smoke.CalculatorTest -->
